<?xml version="1.0" encoding="UTF-8"?>
<!-- Generated by org.testng.reporters.JUnitReportReporter -->
<testsuite skipped="3" hostname="DESKTOP-B75F35K" name="smokeTest.ValidateSmokeTest" tests="31" failures="0" timestamp="16 May 2018 07:34:38 GMT" time="580.792" errors="0">
  <testcase name="ValidateLogin" time="43.607" classname="smokeTest.ValidateSmokeTest"/>
  <testcase name="ValidateFavoriteIcon" time="16.934" classname="smokeTest.ValidateSmokeTest"/>
  <testcase name="ValidateSearching" time="7.452" classname="smokeTest.ValidateSmokeTest"/>
  <testcase name="ValidatePDP" time="25.157" classname="smokeTest.ValidateSmokeTest"/>
  <testcase name="ValidateRecentViewLink" time="6.161" classname="smokeTest.ValidateSmokeTest"/>
  <testcase name="ValidateFooterLogo" time="2.671" classname="smokeTest.ValidateSmokeTest"/>
  <testcase name="ValidateMyProfNavigation" time="6.780" classname="smokeTest.ValidateSmokeTest"/>
  <testcase name="ValidateHeaderLogo" time="1.992" classname="smokeTest.ValidateSmokeTest"/>
  <testcase name="ValidateStandardsCatalog" time="4.487" classname="smokeTest.ValidateSmokeTest"/>
  <testcase name="ValidateStandardsCatalogDetail" time="21.515" classname="smokeTest.ValidateSmokeTest"/>
  <testcase name="ValidateAllProduct" time="5.831" classname="smokeTest.ValidateSmokeTest"/>
  <testcase name="ValidateAudioCablesCategory" time="4.321" classname="smokeTest.ValidateSmokeTest"/>
  <testcase name="ValidateResources" time="11.971" classname="smokeTest.ValidateSmokeTest"/>
  <testcase name="ValidateSpecialOffer" time="6.783" classname="smokeTest.ValidateSmokeTest"/>
  <testcase name="ValidateCartPage" time="5.033" classname="smokeTest.ValidateSmokeTest"/>
  <testcase name="ValidateCheckoutProcess" time="65.194" classname="smokeTest.ValidateSmokeTest"/>
  <testcase name="ValidateCheckoutHeaderLogo" time="12.618" classname="smokeTest.ValidateSmokeTest"/>
  <testcase name="ValidateCheckoutFooterLogo" time="2.430" classname="smokeTest.ValidateSmokeTest"/>
  <testcase name="ValidateFooterLinks" time="23.216" classname="smokeTest.ValidateSmokeTest"/>
  <testcase name="ValidateTrackpage" time="13.957" classname="smokeTest.ValidateSmokeTest"/>
  <testcase name="ValidateordersPage" time="11.647" classname="smokeTest.ValidateSmokeTest"/>
  <testcase name="ValidatePurchaseAnalysisPage" time="16.526" classname="smokeTest.ValidateSmokeTest"/>
  <testcase name="ValidatePAEmail" time="1.037" classname="smokeTest.ValidateSmokeTest"/>
  <testcase name="ValidateCalendarPage" time="5.341" classname="smokeTest.ValidateSmokeTest"/>
  <testcase name="ValidateCalendarLinks" time="26.070" classname="smokeTest.ValidateSmokeTest"/>
  <testcase name="ValidateAllReportsLinks" time="189.067" classname="smokeTest.ValidateSmokeTest"/>
  <testcase name="ValidateSavedReports" time="4.333" classname="smokeTest.ValidateSmokeTest"/>
  <testcase name="ValidateCompaePage" time="38.661" classname="smokeTest.ValidateSmokeTest"/>
  <testcase name="ValidateRemoveFromCart" classname="smokeTest.ValidateSmokeTest">
    <skipped/>
  </testcase> <!-- ValidateRemoveFromCart -->
  <testcase name="ValidateAddTofavorites" classname="smokeTest.ValidateSmokeTest">
    <skipped/>
  </testcase> <!-- ValidateAddTofavorites -->
  <testcase name="ValidateAddToCart" classname="smokeTest.ValidateSmokeTest">
    <skipped/>
  </testcase> <!-- ValidateAddToCart -->
</testsuite> <!-- smokeTest.ValidateSmokeTest -->
