<?xml version="1.0" encoding="UTF-8"?>
<!-- Generated by org.testng.reporters.JUnitReportReporter -->
<testsuite skipped="16" hostname="DESKTOP-B75F35K" name="regressionTestSuite.RegressionTestcase" tests="17" failures="0" timestamp="11 Jul 2018 07:27:42 GMT" time="186.592" errors="0">
  <testcase name="MT1519" time="186.592" classname="regressionTestSuite.RegressionTestcase"/>
  <testcase name="MT1528" classname="regressionTestSuite.RegressionTestcase">
    <skipped/>
  </testcase> <!-- MT1528 -->
  <testcase name="MT840" classname="regressionTestSuite.RegressionTestcase">
    <skipped/>
  </testcase> <!-- MT840 -->
  <testcase name="MT730" classname="regressionTestSuite.RegressionTestcase">
    <skipped/>
  </testcase> <!-- MT730 -->
  <testcase name="MT1527" classname="regressionTestSuite.RegressionTestcase">
    <skipped/>
  </testcase> <!-- MT1527 -->
  <testcase name="MT731" classname="regressionTestSuite.RegressionTestcase">
    <skipped/>
  </testcase> <!-- MT731 -->
  <testcase name="mt839" classname="regressionTestSuite.RegressionTestcase">
    <skipped/>
  </testcase> <!-- mt839 -->
  <testcase name="MT1522" classname="regressionTestSuite.RegressionTestcase">
    <skipped/>
  </testcase> <!-- MT1522 -->
  <testcase name="MT1521" classname="regressionTestSuite.RegressionTestcase">
    <skipped/>
  </testcase> <!-- MT1521 -->
  <testcase name="MT1520" classname="regressionTestSuite.RegressionTestcase">
    <skipped/>
  </testcase> <!-- MT1520 -->
  <testcase name="MT837" classname="regressionTestSuite.RegressionTestcase">
    <skipped/>
  </testcase> <!-- MT837 -->
  <testcase name="MT728" classname="regressionTestSuite.RegressionTestcase">
    <skipped/>
  </testcase> <!-- MT728 -->
  <testcase name="MT1526" classname="regressionTestSuite.RegressionTestcase">
    <skipped/>
  </testcase> <!-- MT1526 -->
  <testcase name="MT729" classname="regressionTestSuite.RegressionTestcase">
    <skipped/>
  </testcase> <!-- MT729 -->
  <testcase name="MT1525" classname="regressionTestSuite.RegressionTestcase">
    <skipped/>
  </testcase> <!-- MT1525 -->
  <testcase name="MT1535" classname="regressionTestSuite.RegressionTestcase">
    <skipped/>
  </testcase> <!-- MT1535 -->
  <testcase name="MT1534" classname="regressionTestSuite.RegressionTestcase">
    <skipped/>
  </testcase> <!-- MT1534 -->
</testsuite> <!-- regressionTestSuite.RegressionTestcase -->
